<?xml version="1.0" encoding="UTF-8"?>
<patch>
  <name>patch1</name>
  <width>3200</width>
  <height>2400</height>
  <node>
    <name>output0</name>
    <x>2067.000000</x>
    <y>1253.000000</y>
    <type>Internal</type>
    <plugin-label>output</plugin-label>
  </node>
  <node>
    <name>midi_in0</name>
    <x>1608.000000</x>
    <y>1208.000000</y>
    <type>Internal</type>
    <plugin-label>midi_in</plugin-label>
  </node>
  <node>
    <name>sawtooth_fc_oa0</name>
    <x>1615.000000</x>
    <y>1215.000000</y>
    <type>LADSPA</type>
    <plugin-label>sawtooth_fc_oa</plugin-label>
    <library-name>sawtooth_1641.so</library-name>
  </node>
  <node>
    <name>sawtooth_fc_oa1</name>
    <x>1615.000000</x>
    <y>1215.000000</y>
    <type>LADSPA</type>
    <plugin-label>sawtooth_fc_oa</plugin-label>
    <library-name>sawtooth_1641.so</library-name>
  </node>
  <node>
    <name>sum_icic_oc0</name>
    <x>1612.000000</x>
    <y>1212.000000</y>
    <type>LADSPA</type>
    <plugin-label>sum_icic_oc</plugin-label>
    <library-name>sum_1665.so</library-name>
  </node>
  <node>
    <name>mixer0</name>
    <x>1606.000000</x>
    <y>1206.000000</y>
    <type>LADSPA</type>
    <plugin-label>mixer</plugin-label>
    <library-name>cmt.so</library-name>
  </node>
  <node>
    <name>dahdsr_cg+t_control0</name>
    <x>1620.000000</x>
    <y>1220.000000</y>
    <type>LADSPA</type>
    <plugin-label>dahdsr_cg+t_control</plugin-label>
    <library-name>dahdsr_2021.so</library-name>
  </node>
  <node>
    <name>product_iaic_oa0</name>
    <x>1616.000000</x>
    <y>1216.000000</y>
    <type>LADSPA</type>
    <plugin-label>product_iaic_oa</plugin-label>
    <library-name>product_1668.so</library-name>
  </node>
  <node>
    <name>vcf_reslp0</name>
    <x>1871.000000</x>
    <y>1226.000000</y>
    <type>LADSPA</type>
    <plugin-label>vcf_reslp</plugin-label>
    <library-name>vcf_cv_in.so</library-name>
  </node>
  <connection>
    <source-node>midi_in0</source-node>
    <source-port>Frequency</source-port>
    <destination-node>sawtooth_fc_oa0</destination-node>
    <destination-port>Frequency</destination-port>
  </connection>
  <connection>
    <source-node>midi_in0</source-node>
    <source-port>Frequency</source-port>
    <destination-node>sum_icic_oc0</destination-node>
    <destination-port>First Input</destination-port>
  </connection>
  <connection>
    <source-node>midi_in0</source-node>
    <source-port>Frequency</source-port>
    <destination-node>sum_icic_oc0</destination-node>
    <destination-port>First Input</destination-port>
  </connection>
  <connection>
    <source-node>sum_icic_oc0</source-node>
    <source-port>Summed Output</source-port>
    <destination-node>sawtooth_fc_oa1</destination-node>
    <destination-port>Frequency</destination-port>
  </connection>
  <connection>
    <source-node>sum_icic_oc0</source-node>
    <source-port>Summed Output</source-port>
    <destination-node>sawtooth_fc_oa1</destination-node>
    <destination-port>Frequency</destination-port>
  </connection>
  <connection>
    <source-node>sawtooth_fc_oa1</source-node>
    <source-port>Output</source-port>
    <destination-node>mixer0</destination-node>
    <destination-port>Input 1</destination-port>
  </connection>
  <connection>
    <source-node>sawtooth_fc_oa1</source-node>
    <source-port>Output</source-port>
    <destination-node>mixer0</destination-node>
    <destination-port>Input 1</destination-port>
  </connection>
  <connection>
    <source-node>sawtooth_fc_oa0</source-node>
    <source-port>Output</source-port>
    <destination-node>mixer0</destination-node>
    <destination-port>Input 2</destination-port>
  </connection>
  <connection>
    <source-node>sawtooth_fc_oa0</source-node>
    <source-port>Output</source-port>
    <destination-node>mixer0</destination-node>
    <destination-port>Input 2</destination-port>
  </connection>
  <connection>
    <source-node>midi_in0</source-node>
    <source-port>Gate</source-port>
    <destination-node>dahdsr_cg+t_control0</destination-node>
    <destination-port>Gate</destination-port>
  </connection>
  <connection>
    <source-node>midi_in0</source-node>
    <source-port>Gate</source-port>
    <destination-node>dahdsr_cg+t_control0</destination-node>
    <destination-port>Gate</destination-port>
  </connection>
  <connection>
    <source-node>dahdsr_cg+t_control0</source-node>
    <source-port>Envelope Out</source-port>
    <destination-node>product_iaic_oa0</destination-node>
    <destination-port>First Input</destination-port>
  </connection>
  <connection>
    <source-node>dahdsr_cg+t_control0</source-node>
    <source-port>Envelope Out</source-port>
    <destination-node>product_iaic_oa0</destination-node>
    <destination-port>First Input</destination-port>
  </connection>
  <connection>
    <source-node>mixer0</source-node>
    <source-port>Output</source-port>
    <destination-node>vcf_reslp0</destination-node>
    <destination-port>Input</destination-port>
  </connection>
  <connection>
    <source-node>mixer0</source-node>
    <source-port>Output</source-port>
    <destination-node>vcf_reslp0</destination-node>
    <destination-port>Input</destination-port>
  </connection>
  <connection>
    <source-node>product_iaic_oa0</source-node>
    <source-port>Product Output</source-port>
    <destination-node>vcf_reslp0</destination-node>
    <destination-port>Frequency Input</destination-port>
  </connection>
  <connection>
    <source-node>product_iaic_oa0</source-node>
    <source-port>Product Output</source-port>
    <destination-node>vcf_reslp0</destination-node>
    <destination-port>Frequency Input</destination-port>
  </connection>
  <connection>
    <source-node>vcf_reslp0</source-node>
    <source-port>Output</source-port>
    <destination-node>output0</destination-node>
    <destination-port>out_1</destination-port>
  </connection>
  <connection>
    <source-node>vcf_reslp0</source-node>
    <source-port>Output</source-port>
    <destination-node>output0</destination-node>
    <destination-port>out_1</destination-port>
  </connection>
  <connection>
    <source-node>vcf_reslp0</source-node>
    <source-port>Output</source-port>
    <destination-node>output0</destination-node>
    <destination-port>out_2</destination-port>
  </connection>
  <connection>
    <source-node>vcf_reslp0</source-node>
    <source-port>Output</source-port>
    <destination-node>output0</destination-node>
    <destination-port>out_2</destination-port>
  </connection>
</patch>
